Determining if the pthread_create exist failed with the following output:
Change Dir: /home/zach/ros2_ws/src/red_detect/build/CMakeFiles/CMakeTmp

Run Build Command:"/usr/bin/make" "cmTC_96a66/fast"
/usr/bin/make -f CMakeFiles/cmTC_96a66.dir/build.make CMakeFiles/cmTC_96a66.dir/build
make[1]: Entering directory '/home/zach/ros2_ws/src/red_detect/build/CMakeFiles/CMakeTmp'
Building C object CMakeFiles/cmTC_96a66.dir/CheckSymbolExists.c.o
/usr/bin/aarch64-linux-gnu-gcc    -o CMakeFiles/cmTC_96a66.dir/CheckSymbolExists.c.o   -c /home/zach/ros2_ws/src/red_detect/build/CMakeFiles/CMakeTmp/CheckSymbolExists.c
Linking C executable cmTC_96a66
/usr/bin/cmake -E cmake_link_script CMakeFiles/cmTC_96a66.dir/link.txt --verbose=1
/usr/bin/aarch64-linux-gnu-gcc      CMakeFiles/cmTC_96a66.dir/CheckSymbolExists.c.o  -o cmTC_96a66 
CMakeFiles/cmTC_96a66.dir/CheckSymbolExists.c.o: In function `main':
CheckSymbolExists.c:(.text+0x14): undefined reference to `pthread_create'
CheckSymbolExists.c:(.text+0x18): undefined reference to `pthread_create'
collect2: error: ld returned 1 exit status
CMakeFiles/cmTC_96a66.dir/build.make:97: recipe for target 'cmTC_96a66' failed
make[1]: *** [cmTC_96a66] Error 1
make[1]: Leaving directory '/home/zach/ros2_ws/src/red_detect/build/CMakeFiles/CMakeTmp'
Makefile:126: recipe for target 'cmTC_96a66/fast' failed
make: *** [cmTC_96a66/fast] Error 2

File /home/zach/ros2_ws/src/red_detect/build/CMakeFiles/CMakeTmp/CheckSymbolExists.c:
/* */
#include <pthread.h>

int main(int argc, char** argv)
{
  (void)argv;
#ifndef pthread_create
  return ((int*)(&pthread_create))[argc];
#else
  (void)argc;
  return 0;
#endif
}

Determining if the function pthread_create exists in the pthreads failed with the following output:
Change Dir: /home/zach/ros2_ws/src/red_detect/build/CMakeFiles/CMakeTmp

Run Build Command:"/usr/bin/make" "cmTC_6975e/fast"
/usr/bin/make -f CMakeFiles/cmTC_6975e.dir/build.make CMakeFiles/cmTC_6975e.dir/build
make[1]: Entering directory '/home/zach/ros2_ws/src/red_detect/build/CMakeFiles/CMakeTmp'
Building C object CMakeFiles/cmTC_6975e.dir/CheckFunctionExists.c.o
/usr/bin/aarch64-linux-gnu-gcc   -DCHECK_FUNCTION_EXISTS=pthread_create   -o CMakeFiles/cmTC_6975e.dir/CheckFunctionExists.c.o   -c /usr/share/cmake-3.10/Modules/CheckFunctionExists.c
Linking C executable cmTC_6975e
/usr/bin/cmake -E cmake_link_script CMakeFiles/cmTC_6975e.dir/link.txt --verbose=1
/usr/bin/aarch64-linux-gnu-gcc  -DCHECK_FUNCTION_EXISTS=pthread_create    CMakeFiles/cmTC_6975e.dir/CheckFunctionExists.c.o  -o cmTC_6975e -lpthreads 
/usr/bin/ld: cannot find -lpthreads
collect2: error: ld returned 1 exit status
CMakeFiles/cmTC_6975e.dir/build.make:97: recipe for target 'cmTC_6975e' failed
make[1]: *** [cmTC_6975e] Error 1
make[1]: Leaving directory '/home/zach/ros2_ws/src/red_detect/build/CMakeFiles/CMakeTmp'
Makefile:126: recipe for target 'cmTC_6975e/fast' failed
make: *** [cmTC_6975e/fast] Error 2


